2018-10-22 15:13:30.616 (0x7fff75cea820) Warning: LockScreenManager couldn't start
2018-10-22 15:13:30.699 (0x7fff8f0b0ec0) Debug: New PolkitAgentListener  0x5626c54ca8e0
2018-10-22 15:13:30.699 (0x7fff8f0b0ec0) Debug: Adding new listener  PolkitQt1::Agent::Listener(0x7fff8f0b0ed0) for  0x5626c54ca8e0
2018-10-22 15:13:30.699 (0x7fff8f0b0ec0) Warning: "Cannot create unix session: No session for pid 68"
2018-10-22 15:13:30.700 (0x7fff8f0b0ec0) Warning: "Cannot register authentication agent!"
2018-10-22 15:13:30.745 (0x7ffd1ddfa120) Warning: dbusCall: QDBusInterface is invalid "org.freedesktop.login1" "/org/freedesktop/login1" "org.freedesktop.login1.Manager" "CanHibernate"
2018-10-22 15:13:30.745 (0x7ffd1ddfa120) Warning: dbusGetProperty: QDBusInterface is invalid "org.freedesktop.UPower" "/org/freedesktop/UPower" "org.freedesktop.DBus.Properties" "CanHibernate"
2018-10-22 15:13:30.745 (0x7ffd1ddfa120) Warning: dbusCall: QDBusInterface is invalid "org.freedesktop.ConsoleKit" "/org/freedesktop/ConsoleKit/Manager" "org.freedesktop.ConsoleKit.Manager" "CanHibernate"
2018-10-22 15:13:30.745 (0x7ffd1ddfa120) Warning: dbusCall: QDBusInterface is invalid "org.freedesktop.login1" "/org/freedesktop/login1" "org.freedesktop.login1.Manager" "CanSuspend"
2018-10-22 15:13:30.745 (0x7ffd1ddfa120) Warning: dbusGetProperty: QDBusInterface is invalid "org.freedesktop.UPower" "/org/freedesktop/UPower" "org.freedesktop.DBus.Properties" "CanSuspend"
2018-10-22 15:13:30.746 (0x7ffd1ddfa120) Warning: dbusCall: QDBusInterface is invalid "org.freedesktop.ConsoleKit" "/org/freedesktop/ConsoleKit/Manager" "org.freedesktop.ConsoleKit.Manager" "CanSuspend"
2018-10-22 15:13:30.747 (0x7fff75cea820) Warning: dbusCall: QDBusInterface is invalid "org.freedesktop.login1" "/org/freedesktop/login1" "org.freedesktop.login1.Manager" "CanReboot"
2018-10-22 15:13:30.747 (0x7fff75cea820) Warning: dbusCall: QDBusInterface is invalid "org.freedesktop.ConsoleKit" "/org/freedesktop/ConsoleKit/Manager" "org.freedesktop.ConsoleKit.Manager" "CanReboot"
2018-10-22 15:13:30.747 (0x7ffd1ddfa120) Warning: dbusCall: QDBusInterface is invalid "org.freedesktop.login1" "/org/freedesktop/login1" "org.freedesktop.login1.Manager" "CanReboot"
2018-10-22 15:13:30.747 (0x7ffd1ddfa120) Warning: dbusCall: QDBusInterface is invalid "org.freedesktop.ConsoleKit" "/org/freedesktop/ConsoleKit/Manager" "org.freedesktop.ConsoleKit.Manager" "CanReboot"
2018-10-22 15:13:30.748 (0x7fff75cea820) Warning: dbusCall: QDBusInterface is invalid "org.freedesktop.login1" "/org/freedesktop/login1" "org.freedesktop.login1.Manager" "CanPowerOff"
2018-10-22 15:13:30.748 (0x7fff75cea820) Warning: dbusCall: QDBusInterface is invalid "org.freedesktop.ConsoleKit" "/org/freedesktop/ConsoleKit/Manager" "org.freedesktop.ConsoleKit.Manager" "CanPowerOff"
2018-10-22 15:13:30.748 (0x7ffd1ddfa120) Warning: dbusCall: QDBusInterface is invalid "org.freedesktop.login1" "/org/freedesktop/login1" "org.freedesktop.login1.Manager" "CanPowerOff"
2018-10-22 15:13:30.748 (0x7ffd1ddfa120) Warning: dbusCall: QDBusInterface is invalid "org.freedesktop.ConsoleKit" "/org/freedesktop/ConsoleKit/Manager" "org.freedesktop.ConsoleKit.Manager" "CanPowerOff"
2018-10-22 15:13:30.828 (0x7ffe73825cb0) Debug: ()
2018-10-22 15:13:30.888 (0x7ffe73825cb0) Warning: "Section \"clock\" not found in /root/.config/lxqt/panel.conf."
2018-10-22 15:13:30.926 (0x7ffe73825cb0) Debug: WinIdChange 1200007 handle QWidgetWindow(0x560e23ae8020, name="LXQtPanel panel1Window") QScreen(0x560e2396d500, name="screen")
2018-10-22 15:13:30.936 (0x7ffe73825cb0) Debug: Systray started
2018-10-22 15:13:30.937 (0x7ffe73825cb0) Warning: Failed enumerating UDisks2 objects: "org.freedesktop.DBus.Error.Disconnected" 
 "Not connected to D-Bus server"
2018-10-22 15:13:30.937 (0x7ffe73825cb0) Warning: Failed enumerating UDisks2 objects: "org.freedesktop.DBus.Error.Disconnected" 
 "Not connected to D-Bus server"
2018-10-22 15:13:31.000 (0x7ffe5c863760) Warning: virtual QStringList Solid::Backends::UPower::UPowerManager::allDevices()  error:  "org.freedesktop.DBus.Error.Disconnected"
2018-10-22 15:13:31.044 (0x7ffe5c863760) Debug: BatteryChanged discharging: true chargeLevel: nan actionTime: QTime("")
2018-10-22 15:13:31.044 (0x7ffe5c863760) Debug: Could not connect to org.freedesktop.DBus.Properties.PropertiesChanged()
2018-10-22 15:13:31.045 (0x7ffe5c863760) Debug: Error from inhibit: QDBusError("org.freedesktop.DBus.Error.Disconnected", "Not connected to D-Bus server")
2018-10-22 15:13:31.045 (0x7ffe5c863760) Debug: Could not connect to org.freedesktop.DBus.Properties.PropertiesChanged()
2018-10-22 15:13:31.045 (0x7ffe5c863760) Warning: virtual QStringList Solid::Backends::UPower::UPowerManager::allDevices()  error:  "org.freedesktop.DBus.Error.Disconnected"
2018-10-22 15:13:31.153 (0x7ffe5c863760) Debug: Starting idlenesswatcher
2018-10-22 15:17:38.651 (0x7ffe73825cb0) Warning: QXcbConnection: XCB error: 3 (BadWindow), sequence: 2406, resource id: 39845893, major code: 18 (ChangeProperty), minor code: 0
2018-10-22 15:19:42.253 (0x7fff1219cd70) Warning: QXcbConnection: XCB error: 3 (BadWindow), sequence: 178, resource id: 6291470, major code: 20 (GetProperty), minor code: 0
2018-10-22 15:19:42.255 (0x7fff1219cd70) Warning: LockScreenManager couldn't start
2018-10-22 15:19:42.332 (0x7ffce1ef7a20) Debug: New PolkitAgentListener  0x55828dad9ce0
2018-10-22 15:19:42.333 (0x7ffce1ef7a20) Debug: Adding new listener  PolkitQt1::Agent::Listener(0x7ffce1ef7a30) for  0x55828dad9ce0
2018-10-22 15:19:42.333 (0x7ffce1ef7a20) Warning: "Cannot create unix session: No session for pid 325"
2018-10-22 15:19:42.333 (0x7ffce1ef7a20) Warning: "Cannot register authentication agent!"
2018-10-22 15:19:42.350 (0x7ffdcb914b60) Warning: dbusCall: QDBusInterface is invalid "org.freedesktop.login1" "/org/freedesktop/login1" "org.freedesktop.login1.Manager" "CanHibernate"
2018-10-22 15:19:42.351 (0x7ffdcb914b60) Warning: dbusGetProperty: QDBusInterface is invalid "org.freedesktop.UPower" "/org/freedesktop/UPower" "org.freedesktop.DBus.Properties" "CanHibernate"
2018-10-22 15:19:42.351 (0x7ffdcb914b60) Warning: dbusCall: QDBusInterface is invalid "org.freedesktop.ConsoleKit" "/org/freedesktop/ConsoleKit/Manager" "org.freedesktop.ConsoleKit.Manager" "CanHibernate"
2018-10-22 15:19:42.351 (0x7ffdcb914b60) Warning: dbusCall: QDBusInterface is invalid "org.freedesktop.login1" "/org/freedesktop/login1" "org.freedesktop.login1.Manager" "CanSuspend"
2018-10-22 15:19:42.351 (0x7ffdcb914b60) Warning: dbusGetProperty: QDBusInterface is invalid "org.freedesktop.UPower" "/org/freedesktop/UPower" "org.freedesktop.DBus.Properties" "CanSuspend"
2018-10-22 15:19:42.351 (0x7ffdcb914b60) Warning: dbusCall: QDBusInterface is invalid "org.freedesktop.ConsoleKit" "/org/freedesktop/ConsoleKit/Manager" "org.freedesktop.ConsoleKit.Manager" "CanSuspend"
2018-10-22 15:19:42.352 (0x7fff1219cd70) Warning: dbusCall: QDBusInterface is invalid "org.freedesktop.login1" "/org/freedesktop/login1" "org.freedesktop.login1.Manager" "CanReboot"
2018-10-22 15:19:42.352 (0x7fff1219cd70) Warning: dbusCall: QDBusInterface is invalid "org.freedesktop.ConsoleKit" "/org/freedesktop/ConsoleKit/Manager" "org.freedesktop.ConsoleKit.Manager" "CanReboot"
2018-10-22 15:19:42.353 (0x7ffdcb914b60) Warning: dbusCall: QDBusInterface is invalid "org.freedesktop.login1" "/org/freedesktop/login1" "org.freedesktop.login1.Manager" "CanReboot"
2018-10-22 15:19:42.353 (0x7ffdcb914b60) Warning: dbusCall: QDBusInterface is invalid "org.freedesktop.ConsoleKit" "/org/freedesktop/ConsoleKit/Manager" "org.freedesktop.ConsoleKit.Manager" "CanReboot"
2018-10-22 15:19:42.357 (0x7fff1219cd70) Warning: dbusCall: QDBusInterface is invalid "org.freedesktop.login1" "/org/freedesktop/login1" "org.freedesktop.login1.Manager" "CanPowerOff"
2018-10-22 15:19:42.357 (0x7fff1219cd70) Warning: dbusCall: QDBusInterface is invalid "org.freedesktop.ConsoleKit" "/org/freedesktop/ConsoleKit/Manager" "org.freedesktop.ConsoleKit.Manager" "CanPowerOff"
2018-10-22 15:19:42.357 (0x7ffdcb914b60) Warning: dbusCall: QDBusInterface is invalid "org.freedesktop.login1" "/org/freedesktop/login1" "org.freedesktop.login1.Manager" "CanPowerOff"
2018-10-22 15:19:42.357 (0x7ffdcb914b60) Warning: dbusCall: QDBusInterface is invalid "org.freedesktop.ConsoleKit" "/org/freedesktop/ConsoleKit/Manager" "org.freedesktop.ConsoleKit.Manager" "CanPowerOff"
2018-10-22 15:19:42.454 (0x7ffebc2dcd50) Debug: ()
2018-10-22 15:19:42.504 (0x7ffebc2dcd50) Warning: "Section \"clock\" not found in /root/.config/lxqt/panel.conf."
2018-10-22 15:19:42.543 (0x7ffebc2dcd50) Debug: WinIdChange 1600007 handle QWidgetWindow(0x55820329bc30, name="LXQtPanel panel1Window") QScreen(0x55820312b500, name="screen")
2018-10-22 15:19:42.552 (0x7ffebc2dcd50) Debug: Systray started
2018-10-22 15:19:42.554 (0x7ffebc2dcd50) Warning: Failed enumerating UDisks2 objects: "org.freedesktop.DBus.Error.Disconnected" 
 "Not connected to D-Bus server"
2018-10-22 15:19:42.554 (0x7ffebc2dcd50) Warning: Failed enumerating UDisks2 objects: "org.freedesktop.DBus.Error.Disconnected" 
 "Not connected to D-Bus server"
2018-10-22 15:19:42.593 (0x7ffe13772330) Debug: Starting idlenesswatcher
2018-10-22 15:19:58.629 (0x7ffebc2dcd50) Warning: Falling back to using screens root_visual.
2018-10-22 15:20:46.479 (0x7ffebc2dcd50) Warning: Falling back to using screens root_visual.
2018-10-22 15:20:51.659 (0x7ffebc2dcd50) Debug: execAction "/usr/share/applications/qterminal.desktop"
2018-10-22 15:22:00.995 (0x7ffebc2dcd50) Debug: action invoked: "0"
2018-10-22 15:22:57.962 (0x7ffebc2dcd50) Warning: Falling back to using screens root_visual.
2018-10-22 15:23:06.088 (0x7ffebc2dcd50) Debug: execAction "/usr/share/applications/pcmanfm-qt.desktop"
